<?xml version="1.0" encoding="UTF-8"?>
<testsuite name="com.example.project.TestMain" tests="14" skipped="0" failures="0" errors="0" timestamp="2025-02-06T14:23:11" hostname="codespaces-7a58af" time="0.285">
  <properties/>
  <testcase name="testNotAlone()" classname="com.example.project.TestMain" time="0.052"/>
  <testcase name="TestShiftLeft()" classname="com.example.project.TestMain" time="0.001"/>
  <testcase name="testParseSentence()" classname="com.example.project.TestMain" time="0.003"/>
  <testcase name="testRemoveDuplicates()" classname="com.example.project.TestMain" time="0.004"/>
  <testcase name="testFix34()" classname="com.example.project.TestMain" time="0.002"/>
  <testcase name="testMode()" classname="com.example.project.TestMain" time="0.166"/>
  <testcase name="testSameFirstLast()" classname="com.example.project.TestMain" time="0.001"/>
  <testcase name="testSwapEnds()" classname="com.example.project.TestMain" time="0.001"/>
  <testcase name="testZeroFront()" classname="com.example.project.TestMain" time="0.0"/>
  <testcase name="testRemove3()" classname="com.example.project.TestMain" time="0.001"/>
  <testcase name="testReverseArray()" classname="com.example.project.TestMain" time="0.001"/>
  <testcase name="testInsertAfterI()" classname="com.example.project.TestMain" time="0.0"/>
  <testcase name="testMoveBWords()" classname="com.example.project.TestMain" time="0.002"/>
  <testcase name="testDuplicateUpperEnd()" classname="com.example.project.TestMain" time="0.001"/>
  <system-out><![CDATA[1
0
0
0
0
0
-
1
1
0
0
0
0
-
1
1
1
0
0
0
-
1
2
1
0
0
0
-
1
2
1
1
0
0
-
1
2
1
1
1
0
-
1
2
1
1
2
0
-
1
2
1
1
2
1
-
temp: [1, 2, 1, 1, 2, 1]
uniqueOcc: [1, 2]
uniqueInts: [1, 2, 3, 4, 5, 6]
2
UI: [1, 2, 3, 4, 5, 6]
temp: [1, 2, 1, 1, 2, 1]
1
1
---
UI: [1, 2, 3, 4, 5, 6]
temp: [1, 2, 1, 1, 2, 1]
2
2
---
2
*****
UI: [1, 2, 3, 4, 5, 6]
temp: [1, 2, 1, 1, 2, 1]
1
3
---
UI: [1, 2, 3, 4, 5, 6]
temp: [1, 2, 1, 1, 2, 1]
1
4
---
UI: [1, 2, 3, 4, 5, 6]
temp: [1, 2, 1, 1, 2, 1]
2
5
---
5
*****
UI: [1, 2, 3, 4, 5, 6]
temp: [1, 2, 1, 1, 2, 1]
1
6
---
1
0
0
0
0
0
0
-
1
1
0
0
0
0
0
-
1
1
1
0
0
0
0
-
1
2
1
0
0
0
0
-
1
2
1
1
0
0
0
-
1
2
1
1
1
0
0
-
1
2
2
1
1
0
0
-
1
2
2
1
1
1
0
-
1
2
2
1
1
2
0
-
1
2
3
1
1
2
0
-
1
2
3
1
1
2
1
-
temp: [1, 2, 3, 1, 1, 2, 1]
uniqueOcc: [1, 2, 3]
uniqueInts: [1, 2, 6, 3, 4, 5, 7]
3
UI: [1, 2, 6, 3, 4, 5, 7]
temp: [1, 2, 3, 1, 1, 2, 1]
1
1
---
UI: [1, 2, 6, 3, 4, 5, 7]
temp: [1, 2, 3, 1, 1, 2, 1]
2
2
---
UI: [1, 2, 6, 3, 4, 5, 7]
temp: [1, 2, 3, 1, 1, 2, 1]
3
6
---
6
*****
UI: [1, 2, 6, 3, 4, 5, 7]
temp: [1, 2, 3, 1, 1, 2, 1]
1
3
---
UI: [1, 2, 6, 3, 4, 5, 7]
temp: [1, 2, 3, 1, 1, 2, 1]
1
4
---
UI: [1, 2, 6, 3, 4, 5, 7]
temp: [1, 2, 3, 1, 1, 2, 1]
2
5
---
UI: [1, 2, 6, 3, 4, 5, 7]
temp: [1, 2, 3, 1, 1, 2, 1]
1
7
---
1
0
0
0
-
1
1
0
0
-
2
1
0
0
-
2
2
0
0
-
2
2
1
0
-
3
2
1
0
-
3
3
1
0
-
3
3
2
0
-
4
3
2
0
-
5
3
2
0
-
5
3
2
1
-
temp: [5, 3, 2, 1]
uniqueOcc: [5, 3, 2, 1]
uniqueInts: [1, 2, 4, 3]
5
UI: [1, 2, 4, 3]
temp: [5, 3, 2, 1]
5
1
---
1
*****
UI: [1, 2, 4, 3]
temp: [5, 3, 2, 1]
3
2
---
UI: [1, 2, 4, 3]
temp: [5, 3, 2, 1]
2
4
---
UI: [1, 2, 4, 3]
temp: [5, 3, 2, 1]
1
3
---
1
0
0
0
-
1
1
0
0
-
1
1
1
0
-
1
1
1
1
-
1
1
2
1
-
1
2
2
1
-
2
2
2
1
-
2
2
2
2
-
3
2
2
2
-
3
3
2
2
-
3
3
3
2
-
temp: [3, 3, 3, 2]
uniqueOcc: [3, 2]
uniqueInts: [1, 2, 3, 4]
3
UI: [1, 2, 3, 4]
temp: [3, 3, 3, 2]
3
1
---
1
*****
UI: [1, 2, 3, 4]
temp: [3, 3, 3, 2]
3
2
---
2
*****
UI: [1, 2, 3, 4]
temp: [3, 3, 3, 2]
3
3
---
3
*****
UI: [1, 2, 3, 4]
temp: [3, 3, 3, 2]
2
4
---
1
0
0
0
0
0
-
1
1
0
0
0
0
-
1
1
1
0
0
0
-
1
1
1
1
0
0
-
1
1
1
1
1
0
-
1
1
1
1
1
1
-
temp: [1, 1, 1, 1, 1, 1]
uniqueOcc: [1]
uniqueInts: [1, 2, 3, 4, 5, 6]
1
1
0
0
0
0
0
-
2
0
0
0
0
0
-
2
1
0
0
0
0
-
2
2
0
0
0
0
-
2
2
1
0
0
0
-
2
2
2
0
0
0
-
2
2
2
1
0
0
-
2
2
2
2
0
0
-
2
2
2
2
1
0
-
2
2
2
2
2
0
-
2
2
2
2
2
1
-
2
2
2
2
2
2
-
3
2
2
2
2
2
-
3
3
2
2
2
2
-
3
3
3
2
2
2
-
3
3
3
3
2
2
-
3
3
3
3
3
2
-
3
3
3
3
3
3
-
temp: [3, 3, 3, 3, 3, 3]
uniqueOcc: [3]
uniqueInts: [1, 2, 3, 4, 5, 6]
3
1
0
0
0
0
0
0
-
1
1
0
0
0
0
0
-
1
1
1
0
0
0
0
-
1
1
1
1
0
0
0
-
1
1
1
1
1
0
0
-
1
1
1
1
1
1
0
-
2
1
1
1
1
1
0
-
2
2
1
1
1
1
0
-
2
2
2
1
1
1
0
-
2
2
2
2
1
1
0
-
2
2
2
2
2
1
0
-
2
2
2
2
2
2
0
-
2
2
2
2
2
2
1
-
3
2
2
2
2
2
1
-
3
3
2
2
2
2
1
-
3
3
3
2
2
2
1
-
3
3
3
3
2
2
1
-
3
3
3
3
3
2
1
-
3
3
3
3
3
3
1
-
temp: [3, 3, 3, 3, 3, 3, 1]
uniqueOcc: [3, 1]
uniqueInts: [1, 2, 3, 4, 5, 6, 7]
3
UI: [1, 2, 3, 4, 5, 6, 7]
temp: [3, 3, 3, 3, 3, 3, 1]
3
1
---
1
*****
UI: [1, 2, 3, 4, 5, 6, 7]
temp: [3, 3, 3, 3, 3, 3, 1]
3
2
---
2
*****
UI: [1, 2, 3, 4, 5, 6, 7]
temp: [3, 3, 3, 3, 3, 3, 1]
3
3
---
3
*****
UI: [1, 2, 3, 4, 5, 6, 7]
temp: [3, 3, 3, 3, 3, 3, 1]
3
4
---
4
*****
UI: [1, 2, 3, 4, 5, 6, 7]
temp: [3, 3, 3, 3, 3, 3, 1]
3
5
---
5
*****
UI: [1, 2, 3, 4, 5, 6, 7]
temp: [3, 3, 3, 3, 3, 3, 1]
3
6
---
6
*****
UI: [1, 2, 3, 4, 5, 6, 7]
temp: [3, 3, 3, 3, 3, 3, 1]
1
7
---
]]></system-out>
  <system-err><![CDATA[]]></system-err>
</testsuite>
